Determining if the pthread_create exist failed with the following output:
Change Dir: /home/new/Documents/chat_application/build/CMakeFiles/CMakeTmp

Run Build Command:"/usr/bin/make" "cmTC_4de96/fast"
/usr/bin/make -f CMakeFiles/cmTC_4de96.dir/build.make CMakeFiles/cmTC_4de96.dir/build
make[1]: Entering directory '/home/new/Documents/chat_application/build/CMakeFiles/CMakeTmp'
Building C object CMakeFiles/cmTC_4de96.dir/CheckSymbolExists.c.o
/usr/bin/cc     -o CMakeFiles/cmTC_4de96.dir/CheckSymbolExists.c.o   -c /home/new/Documents/chat_application/build/CMakeFiles/CMakeTmp/CheckSymbolExists.c
Linking C executable cmTC_4de96
/usr/bin/cmake -E cmake_link_script CMakeFiles/cmTC_4de96.dir/link.txt --verbose=1
/usr/bin/cc       CMakeFiles/cmTC_4de96.dir/CheckSymbolExists.c.o  -o cmTC_4de96 -rdynamic 
CMakeFiles/cmTC_4de96.dir/CheckSymbolExists.c.o: In function `main':
CheckSymbolExists.c:(.text+0x16): undefined reference to `pthread_create'
collect2: error: ld returned 1 exit status
CMakeFiles/cmTC_4de96.dir/build.make:97: recipe for target 'cmTC_4de96' failed
make[1]: *** [cmTC_4de96] Error 1
make[1]: Leaving directory '/home/new/Documents/chat_application/build/CMakeFiles/CMakeTmp'
Makefile:126: recipe for target 'cmTC_4de96/fast' failed
make: *** [cmTC_4de96/fast] Error 2

File /home/new/Documents/chat_application/build/CMakeFiles/CMakeTmp/CheckSymbolExists.c:
/* */
#include <pthread.h>

int main(int argc, char** argv)
{
  (void)argv;
#ifndef pthread_create
  return ((int*)(&pthread_create))[argc];
#else
  (void)argc;
  return 0;
#endif
}

Determining if the function pthread_create exists in the pthreads failed with the following output:
Change Dir: /home/new/Documents/chat_application/build/CMakeFiles/CMakeTmp

Run Build Command:"/usr/bin/make" "cmTC_52a7c/fast"
/usr/bin/make -f CMakeFiles/cmTC_52a7c.dir/build.make CMakeFiles/cmTC_52a7c.dir/build
make[1]: Entering directory '/home/new/Documents/chat_application/build/CMakeFiles/CMakeTmp'
Building C object CMakeFiles/cmTC_52a7c.dir/CheckFunctionExists.c.o
/usr/bin/cc    -DCHECK_FUNCTION_EXISTS=pthread_create   -o CMakeFiles/cmTC_52a7c.dir/CheckFunctionExists.c.o   -c /usr/share/cmake-3.5/Modules/CheckFunctionExists.c
Linking C executable cmTC_52a7c
/usr/bin/cmake -E cmake_link_script CMakeFiles/cmTC_52a7c.dir/link.txt --verbose=1
/usr/bin/cc   -DCHECK_FUNCTION_EXISTS=pthread_create    CMakeFiles/cmTC_52a7c.dir/CheckFunctionExists.c.o  -o cmTC_52a7c -rdynamic -lpthreads 
/usr/bin/ld: cannot find -lpthreads
collect2: error: ld returned 1 exit status
CMakeFiles/cmTC_52a7c.dir/build.make:97: recipe for target 'cmTC_52a7c' failed
make[1]: *** [cmTC_52a7c] Error 1
make[1]: Leaving directory '/home/new/Documents/chat_application/build/CMakeFiles/CMakeTmp'
Makefile:126: recipe for target 'cmTC_52a7c/fast' failed
make: *** [cmTC_52a7c/fast] Error 2


